-------------------------------------------------------------------------------
Test set: List of Track a Order Scenarios
-------------------------------------------------------------------------------
Tests run: 3, Failures: 1, Errors: 0, Skipped: 0, Time elapsed: 83.144 s <<< FAILURE! - in List of Track a Order Scenarios
List of Track a Order Scenarios.Verify Sign up option available while login for tack order  Time elapsed: 26.217 s  <<< FAILURE!
java.lang.AssertionError: Unable to load track order page

