<?xml version="1.0" encoding="UTF-8"?>
<testsuite xmlns:xsi="http://www.w3.org/2001/XMLSchema-instance" xsi:noNamespaceSchemaLocation="https://maven.apache.org/surefire/maven-surefire-plugin/xsd/surefire-test-report-3.0.xsd" version="3.0" name="List of Search Scenarios" time="105.59" tests="4" errors="0" skipped="0" failures="0">
  <properties>
[...]
</properties>
  <testcase name="Search a product in search bar and verify the result" classname="List of Search Scenarios" time="32.772">
    <system-out><![CDATA[Creating driver
List Of Search result of Dining Table
Arabia 6 Seater Dining Table
Arabia - Capra 6 Seater Dining Table Set
Catria 4 Seater Dining Table
Liana - Gordon 4 Seater Round Dining Table Set
Diner 6 Seater Dining Table Set
Catria - Gordon 4 Seater Dining Table Set
Catria - Capra 4 Seater Dining Table Set
Lawson - Diner 6 Seater Dining Table Set
Arabia - Capra 6 Seater Dining Table Set
Arabia 6 Seater Dining Table
Lawson 6 Seater Dining Table Set
Arabia XXL - Gordon 8 Seater Dining Table Set
Liana - Aries 4 Seater Round Dining Table Set
Diner 6 Seater Dining Table Set
Diner 6 Seater Dining Table Set
Arabia Storage - Aries 4 Seater Dining Table Set
Arabia - Gordon 6 Seater Dining Table Set
Brighton Square - Aries 4 Seater Dining Table Set
Lawson 6 Seater Dining Table
Diner 4 Seater Dining Table Set
Wesley 6 Seater Glass Top Dining Table
Catria - Aries 4 Seater Dining Table Set
Arabia XXL - Aries 8 Seater Dining Table Set
Brighton Large - Gordon 6 Seater Dining Table Set
Brighton Large - Aries 6 Seater Dining Table Set
Diner 6 Seater Dining Table
Danton 3 To 6 Folding Dining Table
Arabia XXL - Capra 8 Seater Dining Table Set
Brighton Square 4 Seater Dining Table
Arabia - Capra 6 Seater Dining Table Set
]]></system-out>
    <system-err><![CDATA[Jun 10, 2021 10:09:08 PM Steps.hooks setUp
INFO: Instantiating chrome driver
Starting ChromeDriver 90.0.4430.24 (4c6d850f087da467d926e8eddb76550aed655991-refs/branch-heads/4430@{#429}) on port 10735
Only local connections are allowed.
Please see https://chromedriver.chromium.org/security-considerations for suggestions on keeping ChromeDriver safe.
ChromeDriver was started successfully.
log4j:WARN No appenders could be found for logger (org.apache.http.client.protocol.RequestAddCookies).
log4j:WARN Please initialize the log4j system properly.
log4j:WARN See http://logging.apache.org/log4j/1.2/faq.html#noconfig for more info.
[1623343152.471][WARNING]: This version of ChromeDriver has not been tested with Chrome version 91.
Jun 10, 2021 10:09:13 PM org.openqa.selenium.remote.ProtocolHandshake createSession
INFO: Detected dialect: W3C
]]></system-err>
  </testcase>
  <testcase name="Search a product in search bar and verify the result" classname="List of Search Scenarios" time="26.733">
    <system-out><![CDATA[Creating driver
List Of Search result of Wardrobe
Magellan Wardrobe
Magellan Wardrobe
Hilton 3 Door Wardrobe
Miller 4 Door Wardrobe
Hilton 3 Door Wardrobe
Miller 3 Door Wardrobe
Hilton 3 Door Wardrobe
Miller 3 Door Wardrobe
Miller 4 Door Wardrobe
Baltoro High Gloss 2 Door Wardrobe
Miller 2 Door Wardrobe
Hilton 2 Door Wardrobe
Miller 2 Door Wardrobe
Hilton 4 Door Wardrobe
Miller 3 Door Wardrobe
Hilton 4 Door Wardrobe
Hilton 2 Door Wardrobe
]]></system-out>
    <system-err><![CDATA[Jun 10, 2021 10:09:39 PM Steps.hooks setUp
INFO: Instantiating chrome driver
Starting ChromeDriver 90.0.4430.24 (4c6d850f087da467d926e8eddb76550aed655991-refs/branch-heads/4430@{#429}) on port 45656
Only local connections are allowed.
Please see https://chromedriver.chromium.org/security-considerations for suggestions on keeping ChromeDriver safe.
ChromeDriver was started successfully.
[1623343181.658][WARNING]: This version of ChromeDriver has not been tested with Chrome version 91.
Jun 10, 2021 10:09:42 PM org.openqa.selenium.remote.ProtocolHandshake createSession
INFO: Detected dialect: W3C
]]></system-err>
  </testcase>
  <testcase name="Validate Advance search option of products" classname="List of Search Scenarios" time="21.853">
    <system-out><![CDATA[Creating driver
]]></system-out>
    <system-err><![CDATA[Jun 10, 2021 10:10:06 PM Steps.hooks setUp
INFO: Instantiating chrome driver
Starting ChromeDriver 90.0.4430.24 (4c6d850f087da467d926e8eddb76550aed655991-refs/branch-heads/4430@{#429}) on port 15172
Only local connections are allowed.
Please see https://chromedriver.chromium.org/security-considerations for suggestions on keeping ChromeDriver safe.
ChromeDriver was started successfully.
[1623343208.310][WARNING]: This version of ChromeDriver has not been tested with Chrome version 91.
Jun 10, 2021 10:10:08 PM org.openqa.selenium.remote.ProtocolHandshake createSession
INFO: Detected dialect: W3C
]]></system-err>
  </testcase>
  <testcase name="Validate Advance search option of products" classname="List of Search Scenarios" time="24.229">
    <system-out><![CDATA[Creating driver
]]></system-out>
    <system-err><![CDATA[Jun 10, 2021 10:10:28 PM Steps.hooks setUp
INFO: Instantiating chrome driver
Starting ChromeDriver 90.0.4430.24 (4c6d850f087da467d926e8eddb76550aed655991-refs/branch-heads/4430@{#429}) on port 24552
Only local connections are allowed.
Please see https://chromedriver.chromium.org/security-considerations for suggestions on keeping ChromeDriver safe.
ChromeDriver was started successfully.
[1623343230.535][WARNING]: This version of ChromeDriver has not been tested with Chrome version 91.
Jun 10, 2021 10:10:30 PM org.openqa.selenium.remote.ProtocolHandshake createSession
INFO: Detected dialect: W3C
]]></system-err>
  </testcase>
</testsuite>